<?xml version="1.0" encoding="UTF-8"?>
<!-- Generated by org.testng.reporters.JUnitXMLReporter -->
<testsuite ignored="0" hostname="LAPTOP-MFCNT1RQ" failures="0" tests="2" name="Error validation Test" time="1.987" errors="0" timestamp="2024-09-09T21:40:48 IST">
  <testcase classname="rishavPortfolio.Test.ErrorValidationTest" name="LoginErrorValidation" time="0.0">
    <skipped/>
  </testcase> <!-- LoginErrorValidation -->
  <testcase classname="rishavPortfolio.Test.ErrorValidationTest" name="ProductErrorValidation" time="0.0">
    <skipped/>
  </testcase> <!-- ProductErrorValidation -->
</testsuite> <!-- Error validation Test -->
