<?xml version="1.0" encoding="UTF-8"?>
<!-- Generated by org.testng.reporters.JUnitXMLReporter -->
<testsuite ignored="0" hostname="LAPTOP-MFCNT1RQ" failures="1" tests="1" name="Submit Order Test" time="11.489" errors="0" timestamp="2025-01-12T20:01:51 GMT">
  <testcase classname="rishavPortfolio.Test.SelectAndDeleteOrders" name="SelectAndDeleteProduct" time="1.466">
    <failure type="org.openqa.selenium.ElementClickInterceptedException" message="Element &amp;lt;button class=&amp;quot;btn btn-custom&amp;quot;&amp;gt; is not clickable at point (1045,27) because another element &amp;lt;div class=&amp;quot;ngx-spinner-overlay ng-tns-c31-1 ng-trigger ng-trigger-fadeIn ng-star-inserted ng-animating&amp;quot;&amp;gt; obscures it
Build info: version: &amp;apos;4.27.0&amp;apos;, revision: &amp;apos;d6e718d134&amp;apos;
System info: os.name: &amp;apos;Windows 11&amp;apos;, os.arch: &amp;apos;amd64&amp;apos;, os.version: &amp;apos;10.0&amp;apos;, java.version: &amp;apos;17.0.8&amp;apos;
Driver info: org.openqa.selenium.remote.RemoteWebDriver
Command: [864d2cff-40f9-4689-9ab0-74a21440e584, clickElement {id=7a4bde96-5fb2-49ce-9c4d-897a88763cdd}]
Capabilities {acceptInsecureCerts: true, browserName: firefox, browserVersion: 133.0.3, moz:accessibilityChecks: false, moz:buildID: 20241209150345, moz:debuggerAddress: 127.0.0.1:48785, moz:firefoxOptions: {binary: C:\Program Files\Mozilla Fi..., prefs: {remote.active-protocols: 3}}, moz:geckodriverVersion: 0.35.0, moz:headless: false, moz:platformVersion: 10.0, moz:processID: 14836, moz:profile: C:\Users\RISHAV~1\AppData\L..., moz:shutdownTimeout: 60000, moz:webdriverClick: true, moz:windowless: false, pageLoadStrategy: normal, platformName: Windows 11, proxy: Proxy(), se:bidiEnabled: false, se:cdp: ws://192.168.226.1:4444/ses..., se:cdpVersion: 85.0, setWindowRect: true, strictFileInteractability: false, timeouts: {implicit: 0, pageLoad: 300000, script: 30000}, unhandledPromptBehavior: dismiss and notify, userAgent: Mozilla/5.0 (Windows NT 10....}
Element: [[RemoteWebDriver: firefox on Windows 11 (864d2cff-40f9-4689-9ab0-74a21440e584)] -&amp;gt; css selector: button[routerlink*=&amp;apos;cart&amp;apos;]]
Session ID: 864d2cff-40f9-4689-9ab0-74a21440e584">
      <![CDATA[org.openqa.selenium.ElementClickInterceptedException: Element <button class="btn btn-custom"> is not clickable at point (1045,27) because another element <div class="ngx-spinner-overlay ng-tns-c31-1 ng-trigger ng-trigger-fadeIn ng-star-inserted ng-animating"> obscures it
Build info: version: '4.27.0', revision: 'd6e718d134'
System info: os.name: 'Windows 11', os.arch: 'amd64', os.version: '10.0', java.version: '17.0.8'
Driver info: org.openqa.selenium.remote.RemoteWebDriver
Command: [864d2cff-40f9-4689-9ab0-74a21440e584, clickElement {id=7a4bde96-5fb2-49ce-9c4d-897a88763cdd}]
Capabilities {acceptInsecureCerts: true, browserName: firefox, browserVersion: 133.0.3, moz:accessibilityChecks: false, moz:buildID: 20241209150345, moz:debuggerAddress: 127.0.0.1:48785, moz:firefoxOptions: {binary: C:\Program Files\Mozilla Fi..., prefs: {remote.active-protocols: 3}}, moz:geckodriverVersion: 0.35.0, moz:headless: false, moz:platformVersion: 10.0, moz:processID: 14836, moz:profile: C:\Users\RISHAV~1\AppData\L..., moz:shutdownTimeout: 60000, moz:webdriverClick: true, moz:windowless: false, pageLoadStrategy: normal, platformName: Windows 11, proxy: Proxy(), se:bidiEnabled: false, se:cdp: ws://192.168.226.1:4444/ses..., se:cdpVersion: 85.0, setWindowRect: true, strictFileInteractability: false, timeouts: {implicit: 0, pageLoad: 300000, script: 30000}, unhandledPromptBehavior: dismiss and notify, userAgent: Mozilla/5.0 (Windows NT 10....}
Element: [[RemoteWebDriver: firefox on Windows 11 (864d2cff-40f9-4689-9ab0-74a21440e584)] -> css selector: button[routerlink*='cart']]
Session ID: 864d2cff-40f9-4689-9ab0-74a21440e584
at org.openqa.selenium.remote.ErrorCodec.decode(ErrorCodec.java:167)
at org.openqa.selenium.remote.codec.w3c.W3CHttpResponseCodec.decode(W3CHttpResponseCodec.java:138)
at org.openqa.selenium.remote.codec.w3c.W3CHttpResponseCodec.decode(W3CHttpResponseCodec.java:50)
at org.openqa.selenium.remote.HttpCommandExecutor.execute(HttpCommandExecutor.java:190)
at org.openqa.selenium.remote.TracedCommandExecutor.execute(TracedCommandExecutor.java:53)
at org.openqa.selenium.remote.RemoteWebDriver.execute(RemoteWebDriver.java:545)
at org.openqa.selenium.remote.RemoteWebElement.execute(RemoteWebElement.java:223)
at org.openqa.selenium.remote.RemoteWebElement.click(RemoteWebElement.java:76)
at org.openqa.selenium.support.pagefactory.internal.LocatingElementHandler.invoke(LocatingElementHandler.java:51)
at jdk.proxy2/jdk.proxy2.$Proxy11.click(Unknown Source)
at rishavPortfolio.AbstractComponents.AbstarctComponents.goToCart(AbstarctComponents.java:32)
at rishavPortfolio.Test.SelectAndDeleteOrders.SelectAndDeleteProduct(SelectAndDeleteOrders.java:17)
at java.base/java.util.ArrayList.forEach(ArrayList.java:1511)
at java.base/java.util.concurrent.FutureTask.run(FutureTask.java:264)
at java.base/java.util.concurrent.ThreadPoolExecutor.runWorker(ThreadPoolExecutor.java:1136)
at java.base/java.util.concurrent.ThreadPoolExecutor$Worker.run(ThreadPoolExecutor.java:635)
at java.base/java.lang.Thread.run(Thread.java:833)
... Removed 26 stack frames]]>
    </failure>
  </testcase> <!-- SelectAndDeleteProduct -->
</testsuite> <!-- Submit Order Test -->
